<?xml version="1.0" encoding="UTF-8"?>
<!-- Generated by org.testng.reporters.JUnitReportReporter -->
<testsuite hostname="Welcome-PC" name="workingwithTestNG.prcdbts" tests="1" failures="0" timestamp="13 Jun 2019 07:46:32 GMT" time="2.671" errors="0">
  <testcase name="opr" time="2.671" classname="workingwithTestNG.prcdbts"/>
</testsuite> <!-- workingwithTestNG.prcdbts -->
