<?xml version="1.0" encoding="UTF-8"?>
<!-- Generated by org.testng.reporters.JUnitReportReporter -->
<testsuite hostname="Welcome-PC" name="workingwithPropertFiles.freecrmlogin" tests="1" failures="0" timestamp="5 Jul 2019 11:35:12 GMT" time="10.603" errors="0">
  <testcase name="operation" time="10.603" classname="workingwithPropertFiles.freecrmlogin"/>
</testsuite> <!-- workingwithPropertFiles.freecrmlogin -->
