<?xml version="1.0" encoding="UTF-8"?>
<!-- Generated by org.testng.reporters.JUnitReportReporter -->
<testsuite hostname="Welcome-PC" name="workingwithMouseActions.flipkartoperations" tests="2" failures="0" timestamp="20 Jul 2019 04:29:59 GMT" time="8.215" errors="0">
  <testcase name="menshoes" time="1.675" classname="workingwithMouseActions.flipkartoperations"/>
  <testcase name="mainoperations" time="6.540" classname="workingwithMouseActions.flipkartoperations"/>
</testsuite> <!-- workingwithMouseActions.flipkartoperations -->
