<?xml version="1.0" encoding="UTF-8"?>
<!-- Generated by org.testng.reporters.JUnitReportReporter -->
<testsuite hostname="Welcome-PC" name="workingwithTestNG.testNgTC1" tests="2" failures="0" timestamp="13 Jun 2019 07:36:31 GMT" time="0.070" errors="0">
  <testcase name="closewindow" time="0.033" classname="workingwithTestNG.testNgTC1"/>
  <testcase name="countnooftables" time="0.037" classname="workingwithTestNG.testNgTC1"/>
</testsuite> <!-- workingwithTestNG.testNgTC1 -->
