<?xml version="1.0" encoding="UTF-8"?>
<!-- Generated by org.testng.reporters.JUnitReportReporter -->
<testsuite hostname="Welcome-PC" name="workingwithTables.rowsandcol" tests="1" failures="0" timestamp="13 Jun 2019 08:00:54 GMT" time="0.592" errors="0">
  <testcase name="oprations" time="0.592" classname="workingwithTables.rowsandcol"/>
</testsuite> <!-- workingwithTables.rowsandcol -->
