<?xml version="1.0" encoding="UTF-8"?>
<!-- Generated by org.testng.reporters.JUnitReportReporter -->
<testsuite hostname="Welcome-PC" name="workingwithLog4J.paytmloginLog4j" tests="1" failures="0" timestamp="5 Jul 2019 11:13:54 GMT" time="-2665.792" errors="0">
  <testcase name="logincredentials" time="-2665.792" classname="workingwithLog4J.paytmloginLog4j"/>
</testsuite> <!-- workingwithLog4J.paytmloginLog4j -->
