<?xml version="1.0" encoding="UTF-8"?>
<!-- Generated by org.testng.reporters.JUnitReportReporter -->
<testsuite hostname="Welcome-PC" name="workingwithSIKULI.sikuliUpload" tests="1" failures="0" timestamp="20 Jun 2019 15:55:10 GMT" time="13.256" errors="0">
  <testcase name="opppprr" time="13.256" classname="workingwithSIKULI.sikuliUpload"/>
</testsuite> <!-- workingwithSIKULI.sikuliUpload -->
