<?xml version="1.0" encoding="UTF-8"?>
<!-- Generated by org.testng.reporters.JUnitReportReporter -->
<testsuite hostname="Welcome-PC" name="workingwithTables.handlewithTables" tests="3" failures="0" timestamp="13 Jun 2019 08:05:10 GMT" time="1.154" errors="0">
  <testcase name="countcols" time="0.558" classname="workingwithTables.handlewithTables"/>
  <testcase name="counttables" time="0.165" classname="workingwithTables.handlewithTables"/>
  <testcase name="countrows" time="0.431" classname="workingwithTables.handlewithTables"/>
</testsuite> <!-- workingwithTables.handlewithTables -->
