<?xml version="1.0" encoding="UTF-8"?>
<!-- Generated by org.testng.reporters.JUnitReportReporter -->
<testsuite hostname="Welcome-PC" name="workingwithBootStrapLogin.goibiboLogin" tests="1" failures="0" timestamp="5 Jul 2019 11:31:17 GMT" time="28.567" errors="0">
  <testcase name="logingoibibo" time="28.567" classname="workingwithBootStrapLogin.goibiboLogin"/>
</testsuite> <!-- workingwithBootStrapLogin.goibiboLogin -->
