<?xml version="1.0" encoding="UTF-8"?>
<!-- Generated by org.testng.reporters.JUnitReportReporter -->
<testsuite hostname="Welcome-PC" name="workingwithBootStrapLogin.paytmlogin" tests="1" failures="0" timestamp="20 Jun 2019 15:44:47 GMT" time="29.527" errors="0">
  <testcase name="paytmlogin1" time="29.527" classname="workingwithBootStrapLogin.paytmlogin"/>
</testsuite> <!-- workingwithBootStrapLogin.paytmlogin -->
