<?xml version="1.0" encoding="UTF-8"?>
<!-- Generated by org.testng.reporters.JUnitReportReporter -->
<testsuite hostname="Welcome-PC" name="workingwithMultipleWindows.ttdofficialwindowhandle" tests="1" failures="0" timestamp="5 Jul 2019 11:42:41 GMT" time="7.488" errors="0">
  <testcase name="ttdwindow" time="7.488" classname="workingwithMultipleWindows.ttdofficialwindowhandle"/>
</testsuite> <!-- workingwithMultipleWindows.ttdofficialwindowhandle -->
