<?xml version="1.0" encoding="UTF-8"?>
<!-- Generated by org.testng.reporters.JUnitReportReporter -->
<testsuite hostname="Welcome-PC" name="workingwithBootStrapLogin.LoginbootstrapFlipkart" tests="1" failures="0" timestamp="5 Jul 2019 11:32:35 GMT" time="0.049" errors="0">
  <testcase name="loginflpkrt" time="0.049" classname="workingwithBootStrapLogin.LoginbootstrapFlipkart"/>
</testsuite> <!-- workingwithBootStrapLogin.LoginbootstrapFlipkart -->
