<?xml version="1.0" encoding="UTF-8"?>
<!-- Generated by org.testng.reporters.JUnitReportReporter -->
<testsuite hostname="Welcome-PC" name="workingwithScreenShots.googleScreenShot" tests="1" failures="0" timestamp="20 Jul 2019 04:03:17 GMT" time="32.770" errors="0">
  <testcase name="TakeScreenShots" time="32.770" classname="workingwithScreenShots.googleScreenShot"/>
</testsuite> <!-- workingwithScreenShots.googleScreenShot -->
