<?xml version="1.0" encoding="UTF-8"?>
<!-- Generated by org.testng.reporters.JUnitReportReporter -->
<testsuite hostname="Welcome-PC" name="workingwithWindowElements.handlewithROBOT" tests="1" failures="0" timestamp="20 Jun 2019 15:41:34 GMT" time="24.663" errors="0">
  <testcase name="downloadpic" time="24.663" classname="workingwithWindowElements.handlewithROBOT"/>
</testsuite> <!-- workingwithWindowElements.handlewithROBOT -->
