<?xml version="1.0" encoding="UTF-8"?>
<!-- Generated by org.testng.reporters.JUnitReportReporter -->
<testsuite hostname="Welcome-PC" name="workingwithROBOT.uploadOrangeHRM" tests="3" failures="0" timestamp="20 Jun 2019 15:36:26 GMT" time="58.807" errors="0">
  <testcase name="loginHRM" time="16.553" classname="workingwithROBOT.uploadOrangeHRM"/>
  <testcase name="robotuploadoperations" time="18.095" classname="workingwithROBOT.uploadOrangeHRM"/>
  <testcase name="operations" time="24.159" classname="workingwithROBOT.uploadOrangeHRM"/>
</testsuite> <!-- workingwithROBOT.uploadOrangeHRM -->
