<?xml version="1.0" encoding="UTF-8"?>
<!-- Generated by org.testng.reporters.JUnitReportReporter -->
<testsuite hostname="Welcome-PC" name="workingwithDataDriven.CallingLibforGetDatafromSheeet" tests="1" failures="0" timestamp="5 Jul 2019 11:29:08 GMT" time="0.841" errors="0">
  <testcase name="getdata" time="0.841" classname="workingwithDataDriven.CallingLibforGetDatafromSheeet"/>
</testsuite> <!-- workingwithDataDriven.CallingLibforGetDatafromSheeet -->
