<?xml version="1.0" encoding="UTF-8"?>
<!-- Generated by org.testng.reporters.JUnitReportReporter -->
<testsuite hostname="Welcome-PC" name="workingwithMouseActions.mouseAction" tests="1" failures="0" timestamp="20 Jun 2019 15:57:06 GMT" time="0.339" errors="0">
  <testcase name="opppr" time="0.339" classname="workingwithMouseActions.mouseAction"/>
</testsuite> <!-- workingwithMouseActions.mouseAction -->
