<?xml version="1.0" encoding="UTF-8"?>
<!-- Generated by org.testng.reporters.JUnitReportReporter -->
<testsuite hostname="Welcome-PC" name="workingwithPropertFiles.orangeHrmLogin" tests="1" failures="0" timestamp="5 Jul 2019 11:59:51 GMT" time="37.757" errors="0">
  <testcase name="operations" time="37.757" classname="workingwithPropertFiles.orangeHrmLogin"/>
</testsuite> <!-- workingwithPropertFiles.orangeHrmLogin -->
