<?xml version="1.0" encoding="UTF-8"?>
<!-- Generated by org.testng.reporters.JUnitReportReporter -->
<testsuite hostname="Welcome-PC" name="workingwithBootStrapLogin.goibiboLogin" tests="1" failures="0" timestamp="20 Jun 2019 15:54:21 GMT" time="29.049" errors="0">
  <testcase name="logingoibibo" time="29.049" classname="workingwithBootStrapLogin.goibiboLogin"/>
</testsuite> <!-- workingwithBootStrapLogin.goibiboLogin -->
