<?xml version="1.0" encoding="UTF-8"?>
<!-- Generated by org.testng.reporters.JUnitReportReporter -->
<testsuite hostname="Welcome-PC" name="workingwithLog4J.axisbankLoginwithLog4j" tests="1" failures="0" timestamp="5 Jul 2019 11:36:15 GMT" time="25.629" errors="0">
  <testcase name="open" time="25.629" classname="workingwithLog4J.axisbankLoginwithLog4j"/>
</testsuite> <!-- workingwithLog4J.axisbankLoginwithLog4j -->
