<?xml version="1.0" encoding="UTF-8"?>
<!-- Generated by org.testng.reporters.JUnitReportReporter -->
<testsuite hostname="Welcome-PC" name="workingwithBootStrapLogin.LoginbootstrapFlipkart" tests="1" failures="0" timestamp="20 Jun 2019 15:44:58 GMT" time="0.190" errors="0">
  <testcase name="loginflpkrt" time="0.190" classname="workingwithBootStrapLogin.LoginbootstrapFlipkart"/>
</testsuite> <!-- workingwithBootStrapLogin.LoginbootstrapFlipkart -->
