<?xml version="1.0" encoding="UTF-8"?>
<!-- Generated by org.testng.reporters.JUnitReportReporter -->
<testsuite hostname="Welcome-PC" name="workingwithDataDriven.zohoDDTLogin" tests="3" failures="0" timestamp="5 Jul 2019 11:24:56 GMT" time="88.869" errors="0">
  <testcase name="openbrowser" time="29.282" classname="workingwithDataDriven.zohoDDTLogin"/>
  <testcase name="openbrowser" time="31.044" classname="workingwithDataDriven.zohoDDTLogin"/>
  <testcase name="openbrowser" time="28.543" classname="workingwithDataDriven.zohoDDTLogin"/>
</testsuite> <!-- workingwithDataDriven.zohoDDTLogin -->
