<?xml version="1.0" encoding="UTF-8"?>
<!-- Generated by org.testng.reporters.JUnitReportReporter -->
<testsuite hostname="Welcome-PC" name="workingwithAlerts.reddifloginAlert" tests="1" failures="0" timestamp="20 Jun 2019 15:54:05 GMT" time="10.280" errors="0">
  <testcase name="reddifalert" time="10.280" classname="workingwithAlerts.reddifloginAlert"/>
</testsuite> <!-- workingwithAlerts.reddifloginAlert -->
