<?xml version="1.0" encoding="UTF-8"?>
<!-- Generated by org.testng.reporters.JUnitReportReporter -->
<testsuite hostname="Welcome-PC" name="workingwithMouseActions.draganddrop" tests="1" failures="0" timestamp="20 Jun 2019 15:34:59 GMT" time="10.741" errors="0">
  <testcase name="dragable" time="10.741" classname="workingwithMouseActions.draganddrop"/>
</testsuite> <!-- workingwithMouseActions.draganddrop -->
