<?xml version="1.0" encoding="UTF-8"?>
<!-- Generated by org.testng.reporters.JUnitReportReporter -->
<testsuite hostname="Welcome-PC" name="workingwithMouseActions.flipkartoperations" tests="2" failures="0" timestamp="20 Jun 2019 15:35:49 GMT" time="10.194" errors="0">
  <testcase name="mainoperations" time="6.549" classname="workingwithMouseActions.flipkartoperations"/>
  <testcase name="menshoes" time="3.645" classname="workingwithMouseActions.flipkartoperations"/>
</testsuite> <!-- workingwithMouseActions.flipkartoperations -->
