<?xml version="1.0" encoding="UTF-8"?>
<!-- Generated by org.testng.reporters.JUnitReportReporter -->
<testsuite hostname="Welcome-PC" name="workingwithTestNG.handlewithGmailLogin" tests="3" failures="0" timestamp="13 Jun 2019 07:58:46 GMT" time="10.505" errors="0">
  <testcase name="reqprocess" time="5.359" classname="workingwithTestNG.handlewithGmailLogin"/>
  <testcase name="logoutoperation" time="1.595" classname="workingwithTestNG.handlewithGmailLogin"/>
  <testcase name="logingmail" time="3.551" classname="workingwithTestNG.handlewithGmailLogin"/>
</testsuite> <!-- workingwithTestNG.handlewithGmailLogin -->
