<?xml version="1.0" encoding="UTF-8"?>
<!-- Generated by org.testng.reporters.JUnitReportReporter -->
<testsuite hostname="Welcome-PC" name="workingwithFrames.freecrmFrame" tests="2" failures="0" timestamp="20 Jun 2019 15:44:33 GMT" time="56.431" errors="0">
  <testcase name="login" time="23.102" classname="workingwithFrames.freecrmFrame"/>
  <testcase name="tc1" time="33.329" classname="workingwithFrames.freecrmFrame"/>
</testsuite> <!-- workingwithFrames.freecrmFrame -->
