<?xml version="1.0" encoding="UTF-8"?>
<!-- Generated by org.testng.reporters.JUnitReportReporter -->
<testsuite hostname="Welcome-PC" name="workingwithSIKULI.downloadwithSikuli" tests="1" failures="0" timestamp="20 Jun 2019 15:28:36 GMT" time="4.181" errors="0">
  <testcase name="sikulisownloadoperations" time="4.181" classname="workingwithSIKULI.downloadwithSikuli"/>
</testsuite> <!-- workingwithSIKULI.downloadwithSikuli -->
