<?xml version="1.0" encoding="UTF-8"?>
<!-- Generated by org.testng.reporters.JUnitReportReporter -->
<testsuite hostname="Welcome-PC" name="workingwithMultipleWindows.citibankWindowHandle" tests="1" failures="0" timestamp="5 Jul 2019 11:59:58 GMT" time="18.955" errors="0">
  <testcase name="citibankoperations" time="18.955" classname="workingwithMultipleWindows.citibankWindowHandle"/>
</testsuite> <!-- workingwithMultipleWindows.citibankWindowHandle -->
