<?xml version="1.0" encoding="UTF-8"?>
<!-- Generated by org.testng.reporters.JUnitReportReporter -->
<testsuite hostname="Welcome-PC" name="workingwithTestNG.handlewithTestNG" tests="4" failures="0" timestamp="31 May 2019 07:40:29 GMT" time="0.015" errors="0">
  <testcase name="closebrowser" time="0.007" classname="workingwithTestNG.handlewithTestNG"/>
  <testcase name="composemail" time="0.004" classname="workingwithTestNG.handlewithTestNG"/>
  <testcase name="logout" time="0.002" classname="workingwithTestNG.handlewithTestNG"/>
  <testcase name="register" time="0.002" classname="workingwithTestNG.handlewithTestNG"/>
</testsuite> <!-- workingwithTestNG.handlewithTestNG -->
