<?xml version="1.0" encoding="UTF-8"?>
<!-- Generated by org.testng.reporters.JUnitReportReporter -->
<testsuite hostname="Welcome-PC" name="workingwithJSExecutor.fbLoginJSExecutor" tests="1" failures="0" timestamp="5 Jul 2019 11:23:42 GMT" time="0.112" errors="0">
  <testcase name="operations" time="0.112" classname="workingwithJSExecutor.fbLoginJSExecutor"/>
</testsuite> <!-- workingwithJSExecutor.fbLoginJSExecutor -->
