<?xml version="1.0" encoding="UTF-8"?>
<!-- Generated by org.testng.reporters.JUnitReportReporter -->
<testsuite hostname="Welcome-PC" name="workingwithTables.getdatafromTables" tests="1" failures="0" timestamp="20 Jun 2019 15:50:03 GMT" time="0.638" errors="0">
  <testcase name="allcolget" time="0.638" classname="workingwithTables.getdatafromTables"/>
</testsuite> <!-- workingwithTables.getdatafromTables -->
