<?xml version="1.0" encoding="UTF-8"?>
<!-- Generated by org.testng.reporters.JUnitReportReporter -->
<testsuite hostname="Welcome-PC" name="workingwithApachiPOI.mercurytravellsLogin" tests="1" failures="0" timestamp="5 Jul 2019 12:01:01 GMT" time="85.429" errors="0">
  <testcase name="LoginwithDifferentData" time="85.429" classname="workingwithApachiPOI.mercurytravellsLogin"/>
</testsuite> <!-- workingwithApachiPOI.mercurytravellsLogin -->
