<?xml version="1.0" encoding="UTF-8"?>
<!-- Generated by org.testng.reporters.JUnitReportReporter -->
<testsuite hostname="Welcome-PC" name="workingwithTables.handledynamictables" tests="1" failures="0" timestamp="20 Jun 2019 16:25:27 GMT" time="30.035" errors="0">
  <testcase name="opr" time="30.035" classname="workingwithTables.handledynamictables"/>
</testsuite> <!-- workingwithTables.handledynamictables -->
