<?xml version="1.0" encoding="UTF-8"?>
<!-- Generated by org.testng.reporters.JUnitReportReporter -->
<testsuite hostname="Welcome-PC" name="workingwithStaticArray.Two2DimentionalArrayDemo" tests="1" failures="0" timestamp="27 Jul 2019 09:06:32 GMT" time="0.017" errors="0">
  <testcase name="Array2DimentionalOpeartions" time="0.017" classname="workingwithStaticArray.Two2DimentionalArrayDemo"/>
</testsuite> <!-- workingwithStaticArray.Two2DimentionalArrayDemo -->
