<?xml version="1.0" encoding="UTF-8"?>
<!-- Generated by org.testng.reporters.JUnitReportReporter -->
<testsuite hostname="Welcome-PC" name="workingwithStringConcatenation.StringConcatenationDemo" tests="1" failures="0" timestamp="27 Jul 2019 08:18:09 GMT" time="0.014" errors="0">
  <testcase name="StringConcenationWays" time="0.014" classname="workingwithStringConcatenation.StringConcatenationDemo"/>
</testsuite> <!-- workingwithStringConcatenation.StringConcatenationDemo -->
