<?xml version="1.0" encoding="UTF-8"?>
<!-- Generated by org.testng.reporters.JUnitReportReporter -->
<testsuite hostname="Welcome-PC" name="OopsConceptsPart1.ClassesandObjectsDemo" tests="1" failures="0" timestamp="27 Jul 2019 08:54:14 GMT" time="0.015" errors="0">
  <testcase name="ClassesandObjectOperations" time="0.015" classname="OopsConceptsPart1.ClassesandObjectsDemo"/>
</testsuite> <!-- OopsConceptsPart1.ClassesandObjectsDemo -->
