<?xml version="1.0" encoding="UTF-8"?>
<!-- Generated by org.testng.reporters.JUnitReportReporter -->
<testsuite hostname="Welcome-PC" name="workingwith_If_Else.If_ElseDemo" tests="1" failures="0" timestamp="27 Jul 2019 08:25:37 GMT" time="0.014" errors="0">
  <testcase name="IfElseOpeartions" time="0.014" classname="workingwith_If_Else.If_ElseDemo"/>
</testsuite> <!-- workingwith_If_Else.If_ElseDemo -->
