<?xml version="1.0" encoding="UTF-8"?>
<!-- Generated by org.testng.reporters.JUnitReportReporter -->
<testsuite hostname="Welcome-PC" name="WorkingwithDataTypes.DataTypesDemo" tests="1" failures="0" timestamp="27 Jul 2019 08:31:08 GMT" time="0.014" errors="0">
  <testcase name="AllDataTypes" time="0.014" classname="WorkingwithDataTypes.DataTypesDemo"/>
</testsuite> <!-- WorkingwithDataTypes.DataTypesDemo -->
