<?xml version="1.0" encoding="UTF-8"?>
<!-- Generated by org.testng.reporters.JUnitReportReporter -->
<testsuite hostname="Welcome-PC" name="workingwithStaticArray.ArrayConceptDemo" tests="1" failures="0" timestamp="27 Jul 2019 08:39:21 GMT" time="0.016" errors="0">
  <testcase name="ArrayConceptOperations" time="0.016" classname="workingwithStaticArray.ArrayConceptDemo"/>
</testsuite> <!-- workingwithStaticArray.ArrayConceptDemo -->
