<?xml version="1.0" encoding="UTF-8"?>
<!-- Generated by org.testng.reporters.JUnitReportReporter -->
<testsuite hostname="Welcome-PC" name="workingwithLoopsConcepts.LoopConceptsDemo" tests="1" failures="0" timestamp="27 Jul 2019 08:41:25 GMT" time="0.016" errors="0">
  <testcase name="LoopConceptOperations" time="0.016" classname="workingwithLoopsConcepts.LoopConceptsDemo"/>
</testsuite> <!-- workingwithLoopsConcepts.LoopConceptsDemo -->
